<?xml version="1.0" encoding="UTF-8"?>
<!-- Generated by org.testng.reporters.JUnitReportReporter -->
<testsuite hostname="DESKTOP-G609BEC" failures="0" tests="1" name="Appium.testScript.RunAppInBackground" time="32.855" errors="0" timestamp="2022-08-18T15:03:42 IST" skipped="0">
  <testcase classname="Appium.testScript.RunAppInBackground" name="runBackgroundapp" time="32.855"/>
  <system-out/>
</testsuite> <!-- Appium.testScript.RunAppInBackground -->
