<?xml version="1.0" encoding="UTF-8"?>
<!-- Generated by org.testng.reporters.JUnitReportReporter -->
<testsuite hostname="DESKTOP-G609BEC" failures="0" tests="1" name="JavaProgPractice.ArrayListOverloadedConstructor" time="0.017" errors="0" timestamp="2022-08-26T11:19:32 IST" skipped="0">
  <testcase classname="JavaProgPractice.ArrayListOverloadedConstructor" name="overloadedConstructor" time="0.017"/>
  <system-out/>
</testsuite> <!-- JavaProgPractice.ArrayListOverloadedConstructor -->
