<?xml version="1.0" encoding="UTF-8"?>
<!-- Generated by org.testng.reporters.JUnitReportReporter -->
<testsuite hostname="DESKTOP-G609BEC" failures="0" tests="1" name="Appium.testScript.TapActionInCalculator" time="30.594" errors="0" timestamp="2022-08-18T10:48:29 IST" skipped="0">
  <testcase classname="Appium.testScript.TapActionInCalculator" name="tapAction" time="30.594"/>
  <system-out/>
</testsuite> <!-- Appium.testScript.TapActionInCalculator -->
