<?xml version="1.0" encoding="UTF-8"?>
<!-- Generated by org.testng.reporters.JUnitReportReporter -->
<testsuite hostname="DESKTOP-G609BEC" failures="0" tests="1" name="JavaProgPractice.SortTheElementsInAscendingOrder" time="0.018" errors="0" timestamp="2022-09-06T12:49:01 IST" skipped="0">
  <testcase classname="JavaProgPractice.SortTheElementsInAscendingOrder" name="swap" time="0.018"/>
  <system-out/>
</testsuite> <!-- JavaProgPractice.SortTheElementsInAscendingOrder -->
