<?xml version="1.0" encoding="UTF-8"?>
<!-- Generated by org.testng.reporters.JUnitReportReporter -->
<testsuite hostname="DESKTOP-G609BEC" failures="0" tests="1" name="Appium.testScript.InstallApiDemoApp" time="21.644" errors="0" timestamp="2022-08-17T21:07:41 IST" skipped="0">
  <testcase classname="Appium.testScript.InstallApiDemoApp" name="installApp" time="21.644"/>
  <system-out/>
</testsuite> <!-- Appium.testScript.InstallApiDemoApp -->
