<?xml version="1.0" encoding="UTF-8"?>
<!-- Generated by org.testng.reporters.JUnitReportReporter -->
<testsuite hostname="DESKTOP-G609BEC" failures="0" tests="1" name="JavaProgPractice.PracticeSwapInArray" time="0.014" errors="0" timestamp="2022-09-06T12:28:59 IST" skipped="0">
  <testcase classname="JavaProgPractice.PracticeSwapInArray" name="swap" time="0.014"/>
  <system-out/>
</testsuite> <!-- JavaProgPractice.PracticeSwapInArray -->
