<?xml version="1.0" encoding="UTF-8"?>
<!-- Generated by org.testng.reporters.JUnitReportReporter -->
<testsuite hostname="DESKTOP-G609BEC" failures="0" tests="1" name="JavaProgPractice.NoOfCharacterInAString" time="0.044" errors="0" timestamp="2022-09-01T12:33:41 IST" skipped="0">
  <testcase classname="JavaProgPractice.NoOfCharacterInAString" name="noOfChar" time="0.044"/>
  <system-out/>
</testsuite> <!-- JavaProgPractice.NoOfCharacterInAString -->
