<?xml version="1.0" encoding="UTF-8"?>
<!-- Generated by org.testng.reporters.JUnitReportReporter -->
<testsuite hostname="DESKTOP-G609BEC" failures="0" tests="1" name="JavaProgPractice.SumOfMinThreeNoInArray" time="0.016" errors="0" timestamp="2022-09-06T13:11:37 IST" skipped="0">
  <testcase classname="JavaProgPractice.SumOfMinThreeNoInArray" name="sumMin" time="0.016"/>
  <system-out/>
</testsuite> <!-- JavaProgPractice.SumOfMinThreeNoInArray -->
