<?xml version="1.0" encoding="UTF-8"?>
<!-- Generated by org.testng.reporters.JUnitReportReporter -->
<testsuite hostname="DESKTOP-G609BEC" failures="0" tests="1" name="Appium.testScript.InstallTouchScreeApp" time="0.028" errors="0" timestamp="2022-08-18T06:46:51 IST" skipped="0">
  <testcase classname="Appium.testScript.InstallTouchScreeApp" name="installApp" time="0.028"/>
  <system-out/>
</testsuite> <!-- Appium.testScript.InstallTouchScreeApp -->
