<?xml version="1.0" encoding="UTF-8"?>
<!-- Generated by org.testng.reporters.JUnitReportReporter -->
<testsuite hostname="DESKTOP-G609BEC" failures="0" tests="1" name="JavaProgPractice.SortInDescendingOrder" time="0.019" errors="0" timestamp="2022-09-06T12:56:10 IST" skipped="0">
  <testcase classname="JavaProgPractice.SortInDescendingOrder" name="sortDesc" time="0.019"/>
  <system-out/>
</testsuite> <!-- JavaProgPractice.SortInDescendingOrder -->
