<?xml version="1.0" encoding="UTF-8"?>
<!-- Generated by org.testng.reporters.JUnitReportReporter -->
<testsuite hostname="DESKTOP-G609BEC" failures="0" tests="1" name="org.appium.testScript.Meesho_OrderProduct_Checkout_CancelOrder" time="109.556" errors="0" timestamp="2022-08-24T23:21:35 IST" skipped="0">
  <testcase classname="org.appium.testScript.Meesho_OrderProduct_Checkout_CancelOrder" name="prodCheckout" time="109.556"/>
  <system-out/>
</testsuite> <!-- org.appium.testScript.Meesho_OrderProduct_Checkout_CancelOrder -->
