<?xml version="1.0" encoding="UTF-8"?>
<!-- Generated by org.testng.reporters.JUnitReportReporter -->
<testsuite hostname="DESKTOP-G609BEC" failures="0" tests="1" name="Appium.testScript.ClickActionInCalculatorInRealDevice" time="24.613" errors="0" timestamp="2022-08-18T10:33:32 IST" skipped="0">
  <testcase classname="Appium.testScript.ClickActionInCalculatorInRealDevice" name="clickAction" time="24.613"/>
  <system-out/>
</testsuite> <!-- Appium.testScript.ClickActionInCalculatorInRealDevice -->
