<?xml version="1.0" encoding="UTF-8"?>
<!-- Generated by org.testng.reporters.JUnitReportReporter -->
<testsuite hostname="DESKTOP-G609BEC" failures="0" tests="1" name="Appium.testScript.AndroidKeyAction" time="23.629" errors="0" timestamp="2022-08-20T12:21:16 IST" skipped="0">
  <testcase classname="Appium.testScript.AndroidKeyAction" name="keyAction" time="23.629"/>
  <system-out/>
</testsuite> <!-- Appium.testScript.AndroidKeyAction -->
