<?xml version="1.0" encoding="UTF-8"?>
<!-- Generated by org.testng.reporters.JUnitReportReporter -->
<testsuite hostname="DESKTOP-G609BEC" failures="0" tests="1" name="JavaProgPractice.ReverseString" time="0.016" errors="0" timestamp="2022-09-01T16:21:57 IST" skipped="0">
  <testcase classname="JavaProgPractice.ReverseString" name="revString" time="0.016"/>
  <system-out/>
</testsuite> <!-- JavaProgPractice.ReverseString -->
