<?xml version="1.0" encoding="UTF-8"?>
<!-- Generated by org.testng.reporters.JUnitReportReporter -->
<testsuite hostname="DESKTOP-G609BEC" failures="0" tests="1" name="Appium.testScript.GeneralStoreAssignment" time="56.433" errors="0" timestamp="2022-08-19T17:50:22 IST" skipped="0">
  <testcase classname="Appium.testScript.GeneralStoreAssignment" name="generalStoreApp" time="56.433"/>
  <system-out/>
</testsuite> <!-- Appium.testScript.GeneralStoreAssignment -->
