<?xml version="1.0" encoding="UTF-8"?>
<!-- Generated by org.testng.reporters.JUnitReportReporter -->
<testsuite hostname="DESKTOP-G609BEC" failures="0" tests="1" name="Appium.testScript.UnInstallTouchScreenApp" time="75.833" errors="0" timestamp="2022-08-18T06:53:45 IST" skipped="0">
  <testcase classname="Appium.testScript.UnInstallTouchScreenApp" name="uninstallApp" time="75.833"/>
  <system-out/>
</testsuite> <!-- Appium.testScript.UnInstallTouchScreenApp -->
