<?xml version="1.0" encoding="UTF-8"?>
<!-- Generated by org.testng.reporters.JUnitReportReporter -->
<testsuite hostname="DESKTOP-G609BEC" failures="0" tests="1" name="Appium.testScript.ScrollTillElement" time="144.279" errors="0" timestamp="2022-08-19T15:50:11 IST" skipped="0">
  <testcase classname="Appium.testScript.ScrollTillElement" name="scroll" time="144.279"/>
  <system-out/>
</testsuite> <!-- Appium.testScript.ScrollTillElement -->
