<?xml version="1.0" encoding="UTF-8"?>
<!-- Generated by org.testng.reporters.JUnitReportReporter -->
<testsuite hostname="DESKTOP-G609BEC" failures="0" tests="1" name="JavaProgPractice.CombinationOfSimilarChar" time="0.016" errors="0" timestamp="2022-09-01T12:17:24 IST" skipped="0">
  <testcase classname="JavaProgPractice.CombinationOfSimilarChar" name="combChar" time="0.016"/>
  <system-out/>
</testsuite> <!-- JavaProgPractice.CombinationOfSimilarChar -->
