<?xml version="1.0" encoding="UTF-8"?>
<!-- Generated by org.testng.reporters.JUnitReportReporter -->
<testsuite hostname="DESKTOP-G609BEC" failures="0" tests="1" name="Appium.testScript.ZoomPinch" time="41.130" errors="0" timestamp="2022-08-20T10:50:14 IST" skipped="0">
  <testcase classname="Appium.testScript.ZoomPinch" name="zoomPinchAction" time="41.130"/>
  <system-out/>
</testsuite> <!-- Appium.testScript.ZoomPinch -->
