<?xml version="1.0" encoding="UTF-8"?>
<!-- Generated by org.testng.reporters.JUnitReportReporter -->
<testsuite hostname="DESKTOP-G609BEC" failures="0" tests="1" name="Appium.testScript.SwipeClass" time="24.678" errors="0" timestamp="2022-08-18T16:23:40 IST" skipped="0">
  <testcase classname="Appium.testScript.SwipeClass" name="swipe" time="24.678"/>
  <system-out/>
</testsuite> <!-- Appium.testScript.SwipeClass -->
