<?xml version="1.0" encoding="UTF-8"?>
<!-- Generated by org.testng.reporters.JUnitReportReporter -->
<testsuite hostname="DESKTOP-G609BEC" failures="0" tests="1" name="JavaProgPractice.MaxOfStringWithoutBubbleSort" time="0.013" errors="0" timestamp="2022-09-12T06:38:03 IST" skipped="0">
  <testcase classname="JavaProgPractice.MaxOfStringWithoutBubbleSort" name="findMaxLevelValue" time="0.013"/>
  <system-out/>
</testsuite> <!-- JavaProgPractice.MaxOfStringWithoutBubbleSort -->
