<?xml version="1.0" encoding="UTF-8"?>
<!-- Generated by org.testng.reporters.JUnitReportReporter -->
<testsuite hostname="DESKTOP-G609BEC" failures="0" tests="1" name="JavaProgPractice.CountVowelAndRemoveDuplicate" time="0.018" errors="0" timestamp="2022-09-01T12:37:21 IST" skipped="0">
  <testcase classname="JavaProgPractice.CountVowelAndRemoveDuplicate" name="countVowel" time="0.018"/>
  <system-out/>
</testsuite> <!-- JavaProgPractice.CountVowelAndRemoveDuplicate -->
