<?xml version="1.0" encoding="UTF-8"?>
<!-- Generated by org.testng.reporters.JUnitReportReporter -->
<testsuite hostname="DESKTOP-G609BEC" failures="0" tests="1" name="JavaProgPractice.OccuranceOfCharacters" time="0.058" errors="0" timestamp="2022-09-01T13:13:13 IST" skipped="0">
  <testcase classname="JavaProgPractice.OccuranceOfCharacters" name="noOfCharRepeated" time="0.058"/>
  <system-out/>
</testsuite> <!-- JavaProgPractice.OccuranceOfCharacters -->
