<?xml version="1.0" encoding="UTF-8"?>
<!-- Generated by org.testng.reporters.JUnitReportReporter -->
<testsuite hostname="DESKTOP-G609BEC" failures="0" tests="1" name="JavaProgPractice.TestClass" time="0.018" errors="0" timestamp="2022-09-13T12:32:57 IST" skipped="0">
  <testcase classname="JavaProgPractice.TestClass" name="removeDuplicatewordsFromSentences" time="0.018"/>
  <system-out/>
</testsuite> <!-- JavaProgPractice.TestClass -->
