<?xml version="1.0" encoding="UTF-8"?>
<!-- Generated by org.testng.reporters.JUnitReportReporter -->
<testsuite hostname="DESKTOP-G609BEC" failures="0" tests="1" name="JavaProgPractice.MaxNoWithOutBubbleSort" time="0.014" errors="0" timestamp="2022-09-06T13:39:54 IST" skipped="0">
  <testcase classname="JavaProgPractice.MaxNoWithOutBubbleSort" name="FirstMaxAndSecondMax" time="0.014"/>
  <system-out/>
</testsuite> <!-- JavaProgPractice.MaxNoWithOutBubbleSort -->
