<?xml version="1.0" encoding="UTF-8"?>
<!-- Generated by org.testng.reporters.JUnitReportReporter -->
<testsuite hostname="DESKTOP-G609BEC" failures="0" tests="1" name="JavaProgPractice.ArrayListProg" time="0.014" errors="0" timestamp="2022-08-24T12:10:27 IST" skipped="0">
  <testcase classname="JavaProgPractice.ArrayListProg" name="arraylistAdd" time="0.014"/>
  <system-out/>
</testsuite> <!-- JavaProgPractice.ArrayListProg -->
