<?xml version="1.0" encoding="UTF-8"?>
<!-- Generated by org.testng.reporters.JUnitReportReporter -->
<testsuite hostname="DESKTOP-G609BEC" failures="0" tests="1" name="JavaProgPractice.DuplicateRevString" time="0.048" errors="0" timestamp="2022-09-01T17:05:04 IST" skipped="0">
  <testcase classname="JavaProgPractice.DuplicateRevString" name="dup" time="0.048"/>
  <system-out/>
</testsuite> <!-- JavaProgPractice.DuplicateRevString -->
