<?xml version="1.0" encoding="UTF-8"?>
<!-- Generated by org.testng.reporters.JUnitReportReporter -->
<testsuite hostname="DESKTOP-G609BEC" failures="0" tests="1" name="JavaProgPractice.RemoveDuplicateFromString" time="0.015" errors="0" timestamp="2022-09-02T12:51:28 IST" skipped="0">
  <testcase classname="JavaProgPractice.RemoveDuplicateFromString" name="revString" time="0.015"/>
  <system-out/>
</testsuite> <!-- JavaProgPractice.RemoveDuplicateFromString -->
