<?xml version="1.0" encoding="UTF-8"?>
<!-- Generated by org.testng.reporters.JUnitReportReporter -->
<testsuite hostname="DESKTOP-G609BEC" failures="0" tests="1" name="JavaProgPractice.HasMoreElement" time="0.016" errors="0" timestamp="2022-08-24T13:07:21 IST" skipped="0">
  <testcase classname="JavaProgPractice.HasMoreElement" name="hash" time="0.016"/>
  <system-out/>
</testsuite> <!-- JavaProgPractice.HasMoreElement -->
