<?xml version="1.0" encoding="UTF-8"?>
<!-- Generated by org.testng.reporters.JUnitReportReporter -->
<testsuite hostname="DESKTOP-G609BEC" failures="0" tests="1" name="org.appium.testScript.LoginTest" time="31.333" errors="0" timestamp="2022-08-20T12:00:56 IST" skipped="0">
  <testcase classname="org.appium.testScript.LoginTest" name="login" time="31.333"/>
  <system-out/>
</testsuite> <!-- org.appium.testScript.LoginTest -->
