<?xml version="1.0" encoding="UTF-8"?>
<!-- Generated by org.testng.reporters.JUnitReportReporter -->
<testsuite hostname="DESKTOP-G609BEC" failures="0" tests="1" name="Appium.testScript.LaunchApp" time="24.723" errors="0" timestamp="2022-08-17T21:25:46 IST" skipped="0">
  <testcase classname="Appium.testScript.LaunchApp" name="launchapp" time="24.723"/>
  <system-out/>
</testsuite> <!-- Appium.testScript.LaunchApp -->
