<?xml version="1.0" encoding="UTF-8"?>
<!-- Generated by org.testng.reporters.JUnitReportReporter -->
<testsuite hostname="DESKTOP-G609BEC" failures="0" tests="1" name="Appium.testScript.OrientationApp" time="26.414" errors="0" timestamp="2022-08-18T14:59:20 IST" skipped="0">
  <testcase classname="Appium.testScript.OrientationApp" name="orientationOfApp" time="26.414"/>
  <system-out/>
</testsuite> <!-- Appium.testScript.OrientationApp -->
