<?xml version="1.0" encoding="UTF-8"?>
<!-- Generated by org.testng.reporters.JUnitReportReporter -->
<testsuite hostname="DESKTOP-G609BEC" failures="0" tests="1" name="Appium.testScript.DragAndDrop" time="45.850" errors="0" timestamp="2022-08-18T16:41:46 IST" skipped="0">
  <testcase classname="Appium.testScript.DragAndDrop" name="draganddrop" time="45.850"/>
  <system-out/>
</testsuite> <!-- Appium.testScript.DragAndDrop -->
